#
# There is insufficient memory for the Java Runtime Environment to continue.
# Native memory allocation (malloc) failed to allocate 1048576 bytes for AllocateHeap
# Possible reasons:
#   The system is out of physical RAM or swap space
#   The process is running with CompressedOops enabled, and the Java Heap may be blocking the growth of the native heap
# Possible solutions:
#   Reduce memory load on the system
#   Increase physical memory or swap space
#   Check if swap backing store is full
#   Decrease Java heap size (-Xmx/-Xms)
#   Decrease number of Java threads
#   Decrease Java thread stack sizes (-Xss)
#   Set larger code cache with -XX:ReservedCodeCacheSize=
#   JVM is running with Zero Based Compressed Oops mode in which the Java heap is
#     placed in the first 32GB address space. The Java Heap base address is the
#     maximum limit for the native heap growth. Please use -XX:HeapBaseMinAddress
#     to set the Java Heap base and to place the Java Heap above 32GB virtual address.
# This output file may be truncated or incomplete.
#
#  Out of Memory Error (memory/allocation.inline.hpp:61), pid=6020, tid=0x0000000000004964
#
# JRE version:  (8.0) (build )
# Java VM: OpenJDK 64-Bit Server VM (25.71-b00 mixed mode windows-amd64 compressed oops)
# Failed to write core dump. Minidumps are not enabled by default on client versions of Windows
#

---------------  T H R E A D  ---------------

Current thread (0x000000000291e000):  JavaThread "Unknown thread" [_thread_in_vm, id=18788, stack(0x00000000027f0000,0x00000000028f0000)]

Stack: [0x00000000027f0000,0x00000000028f0000]
[error occurred during error reporting (printing stack bounds), id 0xc0000005]

Native frames: (J=compiled Java code, j=interpreted, Vv=VM code, C=native code)


---------------  P R O C E S S  ---------------

Java Threads: ( => current thread )

Other Threads:

=>0x000000000291e000 (exited) JavaThread "Unknown thread" [_thread_in_vm, id=18788, stack(0x00000000027f0000,0x00000000028f0000)]

VM state:not at safepoint (normal execution)

VM Mutex/Monitor currently owned by a thread: None

heap address: 0x00000005c2000000, size: 8160 MB, Compressed Oops mode: Zero based, Oop shift amount: 3
Narrow klass base: 0x0000000000000000, Narrow klass shift: 3
Compressed class space size: 1073741824 Address: 0x00000007c0000000

Heap:
 PSYoungGen      total 152576K, used 2621K [0x0000000716000000, 0x0000000720a00000, 0x00000007c0000000)
  eden space 131072K, 2% used [0x0000000716000000,0x000000071628f5d0,0x000000071e000000)
  from space 21504K, 0% used [0x000000071f500000,0x000000071f500000,0x0000000720a00000)
  to   space 21504K, 0% used [0x000000071e000000,0x000000071e000000,0x000000071f500000)
 ParOldGen       total 348160K, used 0K [0x00000005c2000000, 0x00000005d7400000, 0x0000000716000000)
  object space 348160K, 0% used [0x00000005c2000000,0x00000005c2000000,0x00000005d7400000)
 Metaspace       used 777K, capacity 4480K, committed 4480K, reserved 1056768K
  class space    used 74K, capacity 384K, committed 384K, reserved 1048576K

Card table byte_map: [0x0000000011e70000,0x0000000012e70000] byte_map_base: 0x000000000f060000

Marking Bits: (ParMarkBitMap*) 0x0000000053ff8f30
 Begin Bits: [0x0000000014110000, 0x000000001c090000)
 End Bits:   [0x000000001c090000, 0x0000000024010000)

Polling page: 0x0000000000b60000

CodeCache: size=245760Kb used=328Kb max_used=328Kb free=245431Kb
 bounds [0x0000000002ab0000, 0x0000000002d20000, 0x0000000011ab0000]
 total_blobs=57 nmethods=0 adapters=38
 compilation: enabled

Compilation events (0 events):
No events

GC Heap History (0 events):
No events

Deoptimization events (0 events):
No events

Classes redefined (0 events):
No events

Internal exceptions (0 events):
No events

Events (10 events):
Event: 0.016 loading class java/lang/Short
Event: 0.016 loading class java/lang/Short done
Event: 0.016 loading class java/lang/Integer
Event: 0.017 loading class java/lang/Integer done
Event: 0.017 loading class java/lang/Long
Event: 0.017 loading class java/lang/Long done
Event: 0.017 loading class java/lang/NullPointerException
Event: 0.017 loading class java/lang/NullPointerException done
Event: 0.017 loading class java/lang/ArithmeticException
Event: 0.017 loading class java/lang/ArithmeticException done


Dynamic libraries:
0x00007ff67a5a0000 - 0x00007ff67a5d5000 	C:\Program Files\Android\Jdk\microsoft_dist_openjdk_1.8.0.25\bin\java.exe
0x00007ffeff6e0000 - 0x00007ffeff8d0000 	C:\WINDOWS\SYSTEM32\ntdll.dll
0x00007ffefd810000 - 0x00007ffefd8c2000 	C:\WINDOWS\System32\KERNEL32.DLL
0x00007ffefcb90000 - 0x00007ffefce35000 	C:\WINDOWS\System32\KERNELBASE.dll
0x00007ffefd900000 - 0x00007ffefd9a3000 	C:\WINDOWS\System32\ADVAPI32.dll
0x00007ffefe400000 - 0x00007ffefe49e000 	C:\WINDOWS\System32\msvcrt.dll
0x00007ffefde60000 - 0x00007ffefdef7000 	C:\WINDOWS\System32\sechost.dll
0x00007ffefdfd0000 - 0x00007ffefe0f0000 	C:\WINDOWS\System32\RPCRT4.dll
0x00007ffeff3d0000 - 0x00007ffeff564000 	C:\WINDOWS\System32\USER32.dll
0x00007ffefca60000 - 0x00007ffefca81000 	C:\WINDOWS\System32\win32u.dll
0x00007ffefd8d0000 - 0x00007ffefd8f6000 	C:\WINDOWS\System32\GDI32.dll
0x00007ffefd5f0000 - 0x00007ffefd786000 	C:\WINDOWS\System32\gdi32full.dll
0x00007ffefc910000 - 0x00007ffefc9ae000 	C:\WINDOWS\System32\msvcp_win.dll
0x00007ffefca90000 - 0x00007ffefcb8a000 	C:\WINDOWS\System32\ucrtbase.dll
0x00007ffee8040000 - 0x00007ffee82c4000 	C:\WINDOWS\WinSxS\amd64_microsoft.windows.common-controls_6595b64144ccf1df_6.0.18362.1198_none_9e820b57e45ad92f\COMCTL32.dll
0x00007ffefd9d0000 - 0x00007ffefdd05000 	C:\WINDOWS\System32\combase.dll
0x00007ffefc9b0000 - 0x00007ffefca30000 	C:\WINDOWS\System32\bcryptPrimitives.dll
0x00007ffefdd10000 - 0x00007ffefdd3e000 	C:\WINDOWS\System32\IMM32.DLL
0x0000000054080000 - 0x0000000054151000 	C:\Program Files\Android\Jdk\microsoft_dist_openjdk_1.8.0.25\jre\bin\msvcr100.dll
0x0000000053830000 - 0x0000000054075000 	C:\Program Files\Android\Jdk\microsoft_dist_openjdk_1.8.0.25\jre\bin\server\jvm.dll
0x00007ffeff190000 - 0x00007ffeff198000 	C:\WINDOWS\System32\PSAPI.DLL
0x00007ffeec190000 - 0x00007ffeec199000 	C:\WINDOWS\SYSTEM32\WSOCK32.dll
0x00007ffef8f20000 - 0x00007ffef8f44000 	C:\WINDOWS\SYSTEM32\WINMM.dll
0x00007ffef82e0000 - 0x00007ffef82ea000 	C:\WINDOWS\SYSTEM32\VERSION.dll
0x00007ffefe250000 - 0x00007ffefe2bf000 	C:\WINDOWS\System32\WS2_32.dll
0x00007ffef8ef0000 - 0x00007ffef8f1d000 	C:\WINDOWS\SYSTEM32\winmmbase.dll
0x00007ffefc710000 - 0x00007ffefc75a000 	C:\WINDOWS\System32\cfgmgr32.dll
0x00007ffed9500000 - 0x00007ffed950f000 	C:\Program Files\Android\Jdk\microsoft_dist_openjdk_1.8.0.25\jre\bin\verify.dll
0x00007ffecacb0000 - 0x00007ffecacd9000 	C:\Program Files\Android\Jdk\microsoft_dist_openjdk_1.8.0.25\jre\bin\java.dll
0x00007ffed0da0000 - 0x00007ffed0db6000 	C:\Program Files\Android\Jdk\microsoft_dist_openjdk_1.8.0.25\jre\bin\zip.dll

VM Arguments:
java_command: com.xamarin.androidx.jetifierWrapper.Main -intermediate obj\Debug\100\androidx\_AndroidXJetifyManifest.jetify -parallel
java_class_path (initial): C:\Users\PC\.nuget\packages\xamarin.androidx.migration\1.0.0.1\buildTransitive\monoandroid90\Tools/JetifierWrapper/jetifierWrapper-1.0.jar
Launcher Type: SUN_STANDARD

Environment Variables:
PATH=C:\Program Files\Android\Jdk\microsoft_dist_openjdk_1.8.0.25\bin;C:\Program Files (x86)\Eziriz\.NET Reactor;C:\WINDOWS\system32;C:\WINDOWS;C:\WINDOWS\System32\Wbem;C:\WINDOWS\System32\WindowsPowerShell\v1.0\;C:\WINDOWS\System32\OpenSSH\;C:\Program Files\dotnet\;C:\Program Files\Microsoft SQL Server\130\Tools\Binn\;C:\Program Files\Microsoft SQL Server\Client SDK\ODBC\170\Tools\Binn\;C:\Program Files (x86)\Microsoft SQL Server\Client SDK\ODBC\130\Tools\Binn\;C:\Program Files (x86)\Microsoft SQL Server\140\Tools\Binn\;C:\Program Files (x86)\Microsoft SQL Server\140\DTS\Binn\;C:\Program Files (x86)\Microsoft SQL Server\140\Tools\Binn\ManagementStudio\;C:\Program Files\mosquitto;C:\Program Files\VisioForge\VisioForge SDKs .Net TRIAL\Redist\FFMPEG\;C:\Program Files\VisioForge\VisioForge SDKs .Net TRIAL\Redist\Filters\;C:\Users\PC\AppData\Local\Microsoft\WindowsApps;C:\Users\PC\AppData\Local\GitHubDesktop\bin;C:\Users\PC\.dotnet\tools;C:\Users\PC\.dotnet\tools
USERNAME=PC
OS=Windows_NT
PROCESSOR_IDENTIFIER=Intel64 Family 6 Model 94 Stepping 3, GenuineIntel



---------------  S Y S T E M  ---------------

OS: Windows 10.0 , 64 bit Build 18362 (10.0.18362.1110)

CPU:total 8 (initial active 8) (4 cores per cpu, 2 threads per core) family 6 model 94 stepping 3, cmov, cx8, fxsr, mmx, sse, sse2, sse3, ssse3, sse4.1, sse4.2, popcnt, avx, avx2, aes, clmul, erms, rtm, 3dnowpref, lzcnt, ht, tsc, tscinvbit, bmi1, bmi2, adx

Memory: 4k page, physical 33420396k(5585664k free), swap 33420396k(5792k free)

vm_info: OpenJDK 64-Bit Server VM (25.71-b00) for windows-amd64 JRE (1.8.0-25-microsoft-b00), built on Feb  7 2019 20:09:14 by "builder" with MS VC++ 10.0 (VS2010)

time: Tue Dec 01 15:11:03 2020
timezone: SE Asia Standard Time
elapsed time: 0 seconds (0d 0h 0m 0s)

